2025-07-15 02:15:06,122 - provisioning - INFO - Configuration service initialized with base dir: config
2025-07-15 02:15:06,131 - provisioning - WARNING - Bleak library not available, BLE functionality will be simulated
2025-07-15 02:15:06,204 - provisioning - INFO - Security service initialized
2025-07-15 02:15:37,114 - provisioning - INFO - Configuration service initialized with base dir: config
2025-07-15 02:15:37,116 - provisioning - WARNING - Bleak library not available, BLE functionality will be simulated
2025-07-15 02:15:37,169 - provisioning - INFO - Security service initialized
2025-07-15 02:15:37,170 - provisioning - INFO - Ownership service initialized, owner file: config/owner.json
2025-07-15 02:15:37,170 - provisioning - WARNING - GPIO not available, factory reset monitoring disabled
2025-07-15 02:15:37,170 - provisioning - INFO - Factory reset service initialized
2025-07-15 02:15:37,170 - provisioning - INFO - Health monitor service initialized
2025-07-15 02:15:37,170 - provisioning - INFO - Starting WiFi network scan
2025-07-15 02:15:37,210 - provisioning - INFO - Found 0 WiFi networks
2025-07-15 02:16:09,504 - provisioning - WARNING - Bleak library not available, BLE functionality will be simulated
2025-07-15 02:16:09,559 - provisioning - INFO - Security service initialized
2025-07-15 02:16:09,559 - provisioning - INFO - Configuration service initialized with base dir: config
2025-07-15 02:16:09,559 - provisioning - INFO - Ownership service initialized, owner file: config/owner.json
2025-07-15 02:16:09,560 - provisioning - WARNING - GPIO not available, factory reset monitoring disabled
2025-07-15 02:16:09,560 - provisioning - INFO - Factory reset service initialized
2025-07-15 02:16:09,560 - provisioning - INFO - Health monitor service initialized
2025-07-15 02:16:09,560 - provisioning - INFO - Provisioning orchestrator initialized
2025-07-15 02:16:09,560 - provisioning - INFO - Starting Rock Pi 3399 provisioning system
2025-07-15 02:16:09,611 - provisioning - INFO - Device ID: 8A086712
2025-07-15 02:16:09,611 - provisioning - INFO - MAC Address: 56:21:FA:A7:F2:27
2025-07-15 02:16:09,611 - provisioning - INFO - Health monitoring started (interval: 30s)
2025-07-15 02:16:09,611 - provisioning - INFO - Health monitoring started
2025-07-15 02:16:09,612 - provisioning - WARNING - Cannot start GPIO monitoring - GPIO not available
2025-07-15 02:16:09,612 - provisioning - INFO - Background services started
2025-07-15 02:16:09,625 - provisioning - INFO - Starting owner setup mode
2025-07-15 02:16:09,626 - provisioning - INFO - Owner setup mode started (timeout: 300s)
2025-07-15 02:16:09,626 - provisioning - INFO - Setup token: 1FNOf2AhEkKz1w_iONADBw
2025-07-15 02:16:09,626 - provisioning - INFO - Owner setup mode started
2025-07-15 02:16:14,408 - provisioning - INFO - Received signal 15, shutting down gracefully
2025-07-15 02:16:14,632 - provisioning - INFO - Stopping provisioning system
2025-07-15 02:16:14,632 - provisioning - INFO - Stopping provisioning
2025-07-15 02:16:14,632 - provisioning - INFO - Stopping BLE advertising
2025-07-15 02:16:14,632 - provisioning - INFO - BLE advertising stopped
2025-07-15 02:16:14,633 - provisioning - INFO - Clearing display
2025-07-15 02:16:14,694 - provisioning - INFO - Image displayed using display
2025-07-15 02:16:14,694 - provisioning - INFO - Display cleared
2025-07-15 02:16:19,695 - provisioning - INFO - Health monitoring stopped
2025-07-15 02:16:19,695 - provisioning - INFO - Health monitoring stopped
2025-07-15 02:16:19,696 - provisioning - INFO - Factory reset monitoring stopped
2025-07-15 02:16:19,696 - provisioning - INFO - Background services stopped
2025-07-15 02:16:19,696 - provisioning - INFO - Provisioning system stopped
2025-07-15 02:17:17,270 - provisioning - INFO - Received signal 2, shutting down gracefully
2025-07-15 02:17:17,271 - provisioning - INFO - Received signal 2, shutting down gracefully
2025-07-15 02:17:17,764 - provisioning - INFO - Stopping provisioning system
2025-07-15 02:17:17,765 - provisioning - INFO - Stopping provisioning
2025-07-15 02:17:17,765 - provisioning - INFO - Stopping BLE advertising
2025-07-15 02:17:17,765 - provisioning - INFO - BLE advertising stopped
2025-07-15 02:17:17,765 - provisioning - INFO - Clearing display
2025-07-15 02:17:17,816 - provisioning - INFO - Image displayed using display
2025-07-15 02:17:17,816 - provisioning - INFO - Display cleared
2025-07-15 02:17:17,817 - provisioning - INFO - Health monitoring stopped
2025-07-15 02:17:17,817 - provisioning - INFO - Factory reset monitoring stopped
2025-07-15 02:17:17,817 - provisioning - INFO - Background services stopped
2025-07-15 02:17:17,817 - provisioning - INFO - Provisioning system stopped
2025-07-15 02:17:17,817 - provisioning - INFO - Stopping provisioning system
2025-07-15 02:17:17,817 - provisioning - INFO - Stopping provisioning
2025-07-15 02:17:17,817 - provisioning - INFO - Stopping BLE advertising
2025-07-15 02:17:17,817 - provisioning - INFO - BLE advertising stopped
2025-07-15 02:17:17,817 - provisioning - INFO - Clearing display
2025-07-15 02:17:17,864 - provisioning - INFO - Image displayed using display
2025-07-15 02:17:17,864 - provisioning - INFO - Display cleared
2025-07-15 02:17:17,864 - provisioning - INFO - Health monitoring stopped
2025-07-15 02:17:17,864 - provisioning - INFO - Factory reset monitoring stopped
2025-07-15 02:17:17,864 - provisioning - INFO - Background services stopped
2025-07-15 02:17:17,864 - provisioning - INFO - Provisioning system stopped
2025-07-15 02:17:26,906 - provisioning - INFO - Received signal 2, shutting down gracefully
2025-07-15 02:17:27,877 - provisioning - INFO - Stopping provisioning system
2025-07-15 02:17:27,877 - provisioning - INFO - Stopping provisioning
2025-07-15 02:17:27,877 - provisioning - INFO - Stopping BLE advertising
2025-07-15 02:17:27,877 - provisioning - INFO - BLE advertising stopped
2025-07-15 02:17:27,878 - provisioning - INFO - Clearing display
2025-07-15 02:17:27,928 - provisioning - INFO - Image displayed using display
2025-07-15 02:17:27,928 - provisioning - INFO - Display cleared
2025-07-15 02:17:27,928 - provisioning - INFO - Health monitoring stopped
2025-07-15 02:17:27,928 - provisioning - INFO - Factory reset monitoring stopped
2025-07-15 02:17:27,928 - provisioning - INFO - Background services stopped
2025-07-15 02:17:27,929 - provisioning - INFO - Provisioning system stopped
2025-07-15 02:17:28,073 - provisioning - INFO - Received signal 2, shutting down gracefully
2025-07-15 02:17:28,931 - provisioning - INFO - Stopping provisioning system
2025-07-15 02:17:28,931 - provisioning - INFO - Stopping provisioning
2025-07-15 02:17:28,931 - provisioning - INFO - Stopping BLE advertising
2025-07-15 02:17:28,931 - provisioning - INFO - BLE advertising stopped
2025-07-15 02:17:28,931 - provisioning - INFO - Clearing display
2025-07-15 02:17:28,981 - provisioning - INFO - Image displayed using display
2025-07-15 02:17:28,981 - provisioning - INFO - Display cleared
2025-07-15 02:17:28,981 - provisioning - INFO - Health monitoring stopped
2025-07-15 02:17:28,981 - provisioning - INFO - Factory reset monitoring stopped
2025-07-15 02:17:28,982 - provisioning - INFO - Background services stopped
2025-07-15 02:17:28,982 - provisioning - INFO - Provisioning system stopped
2025-07-15 02:17:29,155 - provisioning - INFO - Received signal 2, shutting down gracefully
2025-07-15 02:17:29,984 - provisioning - INFO - Stopping provisioning system
2025-07-15 02:17:29,984 - provisioning - INFO - Stopping provisioning
2025-07-15 02:17:29,984 - provisioning - INFO - Stopping BLE advertising
2025-07-15 02:17:29,984 - provisioning - INFO - BLE advertising stopped
2025-07-15 02:17:29,984 - provisioning - INFO - Clearing display
2025-07-15 02:17:30,034 - provisioning - INFO - Image displayed using display
2025-07-15 02:17:30,034 - provisioning - INFO - Display cleared
2025-07-15 02:17:30,034 - provisioning - INFO - Health monitoring stopped
2025-07-15 02:17:30,034 - provisioning - INFO - Factory reset monitoring stopped
2025-07-15 02:17:30,034 - provisioning - INFO - Background services stopped
2025-07-15 02:17:30,034 - provisioning - INFO - Provisioning system stopped
2025-07-15 02:17:31,688 - provisioning - INFO - Received signal 2, shutting down gracefully
2025-07-15 02:17:32,037 - provisioning - INFO - Stopping provisioning system
2025-07-15 02:17:32,037 - provisioning - INFO - Stopping provisioning
2025-07-15 02:17:32,037 - provisioning - INFO - Stopping BLE advertising
2025-07-15 02:17:32,037 - provisioning - INFO - BLE advertising stopped
2025-07-15 02:17:32,037 - provisioning - INFO - Clearing display
2025-07-15 02:17:32,082 - provisioning - INFO - Image displayed using display
2025-07-15 02:17:32,082 - provisioning - INFO - Display cleared
2025-07-15 02:17:32,082 - provisioning - INFO - Health monitoring stopped
2025-07-15 02:17:32,082 - provisioning - INFO - Factory reset monitoring stopped
2025-07-15 02:17:32,082 - provisioning - INFO - Background services stopped
2025-07-15 02:17:32,082 - provisioning - INFO - Provisioning system stopped
2025-07-15 02:17:32,369 - provisioning - INFO - Received signal 2, shutting down gracefully
2025-07-15 02:17:33,084 - provisioning - INFO - Stopping provisioning system
2025-07-15 02:17:33,084 - provisioning - INFO - Stopping provisioning
2025-07-15 02:17:33,084 - provisioning - INFO - Stopping BLE advertising
2025-07-15 02:17:33,085 - provisioning - INFO - BLE advertising stopped
2025-07-15 02:17:33,085 - provisioning - INFO - Clearing display
2025-07-15 02:17:33,130 - provisioning - INFO - Image displayed using display
2025-07-15 02:17:33,130 - provisioning - INFO - Display cleared
2025-07-15 02:17:33,130 - provisioning - INFO - Health monitoring stopped
2025-07-15 02:17:33,130 - provisioning - INFO - Factory reset monitoring stopped
2025-07-15 02:17:33,130 - provisioning - INFO - Background services stopped
2025-07-15 02:17:33,130 - provisioning - INFO - Provisioning system stopped
2025-07-15 02:17:33,571 - provisioning - INFO - Received signal 2, shutting down gracefully
2025-07-15 02:17:34,100 - provisioning - INFO - Received signal 2, shutting down gracefully
2025-07-15 02:17:34,131 - provisioning - INFO - Stopping provisioning system
2025-07-15 02:17:34,131 - provisioning - INFO - Stopping provisioning
2025-07-15 02:17:34,131 - provisioning - INFO - Stopping BLE advertising
2025-07-15 02:17:34,131 - provisioning - INFO - BLE advertising stopped
2025-07-15 02:17:34,131 - provisioning - INFO - Clearing display
2025-07-15 02:17:34,178 - provisioning - INFO - Image displayed using display
2025-07-15 02:17:34,178 - provisioning - INFO - Display cleared
2025-07-15 02:17:34,178 - provisioning - INFO - Health monitoring stopped
2025-07-15 02:17:34,178 - provisioning - INFO - Factory reset monitoring stopped
2025-07-15 02:17:34,178 - provisioning - INFO - Background services stopped
2025-07-15 02:17:34,178 - provisioning - INFO - Provisioning system stopped
2025-07-15 02:17:34,178 - provisioning - INFO - Stopping provisioning system
2025-07-15 02:17:34,178 - provisioning - INFO - Stopping provisioning
2025-07-15 02:17:34,179 - provisioning - INFO - Stopping BLE advertising
2025-07-15 02:17:34,179 - provisioning - INFO - BLE advertising stopped
2025-07-15 02:17:34,179 - provisioning - INFO - Clearing display
2025-07-15 02:17:34,226 - provisioning - INFO - Image displayed using display
2025-07-15 02:17:34,226 - provisioning - INFO - Display cleared
2025-07-15 02:17:34,226 - provisioning - INFO - Health monitoring stopped
2025-07-15 02:17:34,226 - provisioning - INFO - Factory reset monitoring stopped
2025-07-15 02:17:34,226 - provisioning - INFO - Background services stopped
2025-07-15 02:17:34,227 - provisioning - INFO - Provisioning system stopped
2025-07-15 02:17:34,319 - provisioning - INFO - Received signal 2, shutting down gracefully
2025-07-15 02:17:34,516 - provisioning - INFO - Received signal 2, shutting down gracefully
2025-07-15 02:17:35,228 - provisioning - INFO - Stopping provisioning system
2025-07-15 02:17:35,228 - provisioning - INFO - Stopping provisioning
2025-07-15 02:17:35,228 - provisioning - INFO - Stopping BLE advertising
2025-07-15 02:17:35,228 - provisioning - INFO - BLE advertising stopped
2025-07-15 02:17:35,228 - provisioning - INFO - Clearing display
2025-07-15 02:17:35,277 - provisioning - INFO - Image displayed using display
2025-07-15 02:17:35,277 - provisioning - INFO - Display cleared
2025-07-15 02:17:35,277 - provisioning - INFO - Health monitoring stopped
2025-07-15 02:17:35,278 - provisioning - INFO - Factory reset monitoring stopped
2025-07-15 02:17:35,278 - provisioning - INFO - Background services stopped
2025-07-15 02:17:35,278 - provisioning - INFO - Provisioning system stopped
2025-07-15 02:17:35,278 - provisioning - INFO - Stopping provisioning system
2025-07-15 02:17:35,278 - provisioning - INFO - Stopping provisioning
2025-07-15 02:17:35,278 - provisioning - INFO - Stopping BLE advertising
2025-07-15 02:17:35,278 - provisioning - INFO - BLE advertising stopped
2025-07-15 02:17:35,278 - provisioning - INFO - Clearing display
2025-07-15 02:17:35,328 - provisioning - INFO - Image displayed using display
2025-07-15 02:17:35,328 - provisioning - INFO - Display cleared
2025-07-15 02:17:35,328 - provisioning - INFO - Health monitoring stopped
2025-07-15 02:17:35,328 - provisioning - INFO - Factory reset monitoring stopped
2025-07-15 02:17:35,328 - provisioning - INFO - Background services stopped
2025-07-15 02:17:35,329 - provisioning - INFO - Provisioning system stopped
2025-07-15 02:17:37,163 - provisioning - INFO - Received signal 2, shutting down gracefully
2025-07-15 02:17:37,330 - provisioning - INFO - Stopping provisioning system
2025-07-15 02:17:37,330 - provisioning - INFO - Stopping provisioning
2025-07-15 02:17:37,331 - provisioning - INFO - Stopping BLE advertising
2025-07-15 02:17:37,331 - provisioning - INFO - BLE advertising stopped
2025-07-15 02:17:37,331 - provisioning - INFO - Clearing display
2025-07-15 02:17:37,382 - provisioning - INFO - Image displayed using display
2025-07-15 02:17:37,383 - provisioning - INFO - Display cleared
2025-07-15 02:17:37,383 - provisioning - INFO - Health monitoring stopped
2025-07-15 02:17:37,383 - provisioning - INFO - Factory reset monitoring stopped
2025-07-15 02:17:37,383 - provisioning - INFO - Background services stopped
2025-07-15 02:17:37,383 - provisioning - INFO - Provisioning system stopped
2025-07-15 02:17:37,480 - provisioning - INFO - Received signal 2, shutting down gracefully
2025-07-15 02:17:37,704 - provisioning - INFO - Received signal 2, shutting down gracefully
2025-07-15 02:17:38,059 - provisioning - INFO - Received signal 2, shutting down gracefully
2025-07-15 02:17:38,296 - provisioning - INFO - Received signal 2, shutting down gracefully
2025-07-15 02:17:38,384 - provisioning - INFO - Stopping provisioning system
2025-07-15 02:17:38,384 - provisioning - INFO - Stopping provisioning
2025-07-15 02:17:38,384 - provisioning - INFO - Stopping BLE advertising
2025-07-15 02:17:38,384 - provisioning - INFO - BLE advertising stopped
2025-07-15 02:17:38,384 - provisioning - INFO - Clearing display
2025-07-15 02:17:38,435 - provisioning - INFO - Image displayed using display
2025-07-15 02:17:38,435 - provisioning - INFO - Display cleared
2025-07-15 02:17:38,435 - provisioning - INFO - Health monitoring stopped
2025-07-15 02:17:38,435 - provisioning - INFO - Factory reset monitoring stopped
2025-07-15 02:17:38,435 - provisioning - INFO - Background services stopped
2025-07-15 02:17:38,436 - provisioning - INFO - Provisioning system stopped
2025-07-15 02:17:38,436 - provisioning - INFO - Stopping provisioning system
2025-07-15 02:17:38,436 - provisioning - INFO - Stopping provisioning
2025-07-15 02:17:38,436 - provisioning - INFO - Stopping BLE advertising
2025-07-15 02:17:38,436 - provisioning - INFO - BLE advertising stopped
2025-07-15 02:17:38,436 - provisioning - INFO - Clearing display
2025-07-15 02:17:38,486 - provisioning - INFO - Image displayed using display
2025-07-15 02:17:38,486 - provisioning - INFO - Display cleared
2025-07-15 02:17:38,486 - provisioning - INFO - Health monitoring stopped
2025-07-15 02:17:38,486 - provisioning - INFO - Factory reset monitoring stopped
2025-07-15 02:17:38,486 - provisioning - INFO - Background services stopped
2025-07-15 02:17:38,486 - provisioning - INFO - Provisioning system stopped
2025-07-15 02:17:38,486 - provisioning - INFO - Stopping provisioning system
2025-07-15 02:17:38,486 - provisioning - INFO - Stopping provisioning
2025-07-15 02:17:38,486 - provisioning - INFO - Stopping BLE advertising
2025-07-15 02:17:38,487 - provisioning - INFO - BLE advertising stopped
2025-07-15 02:17:38,487 - provisioning - INFO - Clearing display
2025-07-15 02:17:38,533 - provisioning - INFO - Received signal 2, shutting down gracefully
2025-07-15 02:17:38,535 - provisioning - INFO - Image displayed using display
2025-07-15 02:17:38,535 - provisioning - INFO - Display cleared
2025-07-15 02:17:38,535 - provisioning - INFO - Health monitoring stopped
2025-07-15 02:17:38,536 - provisioning - INFO - Factory reset monitoring stopped
2025-07-15 02:17:38,536 - provisioning - INFO - Background services stopped
2025-07-15 02:17:38,536 - provisioning - INFO - Provisioning system stopped
2025-07-15 02:17:38,536 - provisioning - INFO - Stopping provisioning system
2025-07-15 02:17:38,536 - provisioning - INFO - Stopping provisioning
2025-07-15 02:17:38,536 - provisioning - INFO - Stopping BLE advertising
2025-07-15 02:17:38,536 - provisioning - INFO - BLE advertising stopped
2025-07-15 02:17:38,536 - provisioning - INFO - Clearing display
2025-07-15 02:17:38,584 - provisioning - INFO - Image displayed using display
2025-07-15 02:17:38,584 - provisioning - INFO - Display cleared
2025-07-15 02:17:38,584 - provisioning - INFO - Health monitoring stopped
2025-07-15 02:17:38,584 - provisioning - INFO - Factory reset monitoring stopped
2025-07-15 02:17:38,584 - provisioning - INFO - Background services stopped
2025-07-15 02:17:38,584 - provisioning - INFO - Provisioning system stopped
2025-07-15 02:17:38,584 - provisioning - INFO - Stopping provisioning system
2025-07-15 02:17:38,584 - provisioning - INFO - Stopping provisioning
2025-07-15 02:17:38,584 - provisioning - INFO - Stopping BLE advertising
2025-07-15 02:17:38,584 - provisioning - INFO - BLE advertising stopped
2025-07-15 02:17:38,584 - provisioning - INFO - Clearing display
2025-07-15 02:17:38,633 - provisioning - INFO - Image displayed using display
2025-07-15 02:17:38,633 - provisioning - INFO - Display cleared
2025-07-15 02:17:38,633 - provisioning - INFO - Health monitoring stopped
2025-07-15 02:17:38,634 - provisioning - INFO - Factory reset monitoring stopped
2025-07-15 02:17:38,634 - provisioning - INFO - Background services stopped
2025-07-15 02:17:38,634 - provisioning - INFO - Provisioning system stopped
2025-07-15 02:17:38,681 - provisioning - INFO - Received signal 2, shutting down gracefully
2025-07-15 02:17:39,636 - provisioning - INFO - Stopping provisioning system
2025-07-15 02:17:39,636 - provisioning - INFO - Stopping provisioning
2025-07-15 02:17:39,636 - provisioning - INFO - Stopping BLE advertising
2025-07-15 02:17:39,636 - provisioning - INFO - BLE advertising stopped
2025-07-15 02:17:39,636 - provisioning - INFO - Clearing display
2025-07-15 02:17:39,686 - provisioning - INFO - Image displayed using display
2025-07-15 02:17:39,686 - provisioning - INFO - Display cleared
2025-07-15 02:17:39,686 - provisioning - INFO - Health monitoring stopped
2025-07-15 02:17:39,687 - provisioning - INFO - Factory reset monitoring stopped
2025-07-15 02:17:39,687 - provisioning - INFO - Background services stopped
2025-07-15 02:17:39,687 - provisioning - INFO - Provisioning system stopped
2025-07-15 02:17:42,147 - provisioning - INFO - Received signal 2, shutting down gracefully
2025-07-15 02:17:42,480 - provisioning - INFO - Received signal 2, shutting down gracefully
2025-07-15 02:17:42,691 - provisioning - INFO - Stopping provisioning system
2025-07-15 02:17:42,691 - provisioning - INFO - Stopping provisioning
2025-07-15 02:17:42,691 - provisioning - INFO - Stopping BLE advertising
2025-07-15 02:17:42,691 - provisioning - INFO - BLE advertising stopped
2025-07-15 02:17:42,691 - provisioning - INFO - Clearing display
2025-07-15 02:17:42,733 - provisioning - INFO - Received signal 2, shutting down gracefully
2025-07-15 02:17:42,736 - provisioning - INFO - Image displayed using display
2025-07-15 02:17:42,736 - provisioning - INFO - Display cleared
2025-07-15 02:17:42,736 - provisioning - INFO - Health monitoring stopped
2025-07-15 02:17:42,736 - provisioning - INFO - Factory reset monitoring stopped
2025-07-15 02:17:42,736 - provisioning - INFO - Background services stopped
2025-07-15 02:17:42,736 - provisioning - INFO - Provisioning system stopped
2025-07-15 02:17:42,736 - provisioning - INFO - Stopping provisioning system
2025-07-15 02:17:42,737 - provisioning - INFO - Stopping provisioning
2025-07-15 02:17:42,737 - provisioning - INFO - Stopping BLE advertising
2025-07-15 02:17:42,737 - provisioning - INFO - BLE advertising stopped
2025-07-15 02:17:42,737 - provisioning - INFO - Clearing display
2025-07-15 02:17:42,785 - provisioning - INFO - Image displayed using display
2025-07-15 02:17:42,785 - provisioning - INFO - Display cleared
2025-07-15 02:17:42,785 - provisioning - INFO - Health monitoring stopped
2025-07-15 02:17:42,785 - provisioning - INFO - Factory reset monitoring stopped
2025-07-15 02:17:42,785 - provisioning - INFO - Background services stopped
2025-07-15 02:17:42,785 - provisioning - INFO - Provisioning system stopped
2025-07-15 02:17:42,785 - provisioning - INFO - Stopping provisioning system
2025-07-15 02:17:42,785 - provisioning - INFO - Stopping provisioning
2025-07-15 02:17:42,786 - provisioning - INFO - Stopping BLE advertising
2025-07-15 02:17:42,786 - provisioning - INFO - BLE advertising stopped
2025-07-15 02:17:42,786 - provisioning - INFO - Clearing display
2025-07-15 02:17:42,835 - provisioning - INFO - Image displayed using display
2025-07-15 02:17:42,835 - provisioning - INFO - Display cleared
2025-07-15 02:17:42,835 - provisioning - INFO - Health monitoring stopped
2025-07-15 02:17:42,835 - provisioning - INFO - Factory reset monitoring stopped
2025-07-15 02:17:42,835 - provisioning - INFO - Background services stopped
2025-07-15 02:17:42,835 - provisioning - INFO - Provisioning system stopped
2025-07-15 02:17:42,894 - provisioning - INFO - Received signal 2, shutting down gracefully
2025-07-15 02:17:43,152 - provisioning - INFO - Received signal 2, shutting down gracefully
2025-07-15 02:17:43,379 - provisioning - INFO - Received signal 2, shutting down gracefully
2025-07-15 02:17:43,566 - provisioning - INFO - Received signal 2, shutting down gracefully
2025-07-15 02:17:43,755 - provisioning - INFO - Received signal 2, shutting down gracefully
2025-07-15 02:17:43,836 - provisioning - INFO - Stopping provisioning system
2025-07-15 02:17:43,836 - provisioning - INFO - Stopping provisioning
2025-07-15 02:17:43,836 - provisioning - INFO - Stopping BLE advertising
2025-07-15 02:17:43,836 - provisioning - INFO - BLE advertising stopped
2025-07-15 02:17:43,837 - provisioning - INFO - Clearing display
2025-07-15 02:17:43,886 - provisioning - INFO - Image displayed using display
2025-07-15 02:17:43,886 - provisioning - INFO - Display cleared
2025-07-15 02:17:43,886 - provisioning - INFO - Health monitoring stopped
2025-07-15 02:17:43,886 - provisioning - INFO - Factory reset monitoring stopped
2025-07-15 02:17:43,886 - provisioning - INFO - Background services stopped
2025-07-15 02:17:43,887 - provisioning - INFO - Provisioning system stopped
2025-07-15 02:17:43,887 - provisioning - INFO - Stopping provisioning system
2025-07-15 02:17:43,887 - provisioning - INFO - Stopping provisioning
2025-07-15 02:17:43,887 - provisioning - INFO - Stopping BLE advertising
2025-07-15 02:17:43,887 - provisioning - INFO - BLE advertising stopped
2025-07-15 02:17:43,887 - provisioning - INFO - Clearing display
2025-07-15 02:17:43,936 - provisioning - INFO - Image displayed using display
2025-07-15 02:17:43,936 - provisioning - INFO - Display cleared
2025-07-15 02:17:43,936 - provisioning - INFO - Health monitoring stopped
2025-07-15 02:17:43,936 - provisioning - INFO - Factory reset monitoring stopped
2025-07-15 02:17:43,936 - provisioning - INFO - Background services stopped
2025-07-15 02:17:43,936 - provisioning - INFO - Provisioning system stopped
2025-07-15 02:17:43,936 - provisioning - INFO - Stopping provisioning system
2025-07-15 02:17:43,936 - provisioning - INFO - Stopping provisioning
2025-07-15 02:17:43,936 - provisioning - INFO - Stopping BLE advertising
2025-07-15 02:17:43,936 - provisioning - INFO - BLE advertising stopped
2025-07-15 02:17:43,936 - provisioning - INFO - Clearing display
2025-07-15 02:17:43,985 - provisioning - INFO - Image displayed using display
2025-07-15 02:17:43,985 - provisioning - INFO - Display cleared
2025-07-15 02:17:43,985 - provisioning - INFO - Health monitoring stopped
2025-07-15 02:17:43,985 - provisioning - INFO - Factory reset monitoring stopped
2025-07-15 02:17:43,985 - provisioning - INFO - Background services stopped
2025-07-15 02:17:43,985 - provisioning - INFO - Provisioning system stopped
2025-07-15 02:17:43,986 - provisioning - INFO - Stopping provisioning system
2025-07-15 02:17:43,986 - provisioning - INFO - Stopping provisioning
2025-07-15 02:17:43,986 - provisioning - INFO - Stopping BLE advertising
2025-07-15 02:17:43,986 - provisioning - INFO - BLE advertising stopped
2025-07-15 02:17:43,986 - provisioning - INFO - Clearing display
2025-07-15 02:17:44,035 - provisioning - INFO - Image displayed using display
2025-07-15 02:17:44,035 - provisioning - INFO - Display cleared
2025-07-15 02:17:44,035 - provisioning - INFO - Health monitoring stopped
2025-07-15 02:17:44,035 - provisioning - INFO - Factory reset monitoring stopped
2025-07-15 02:17:44,035 - provisioning - INFO - Background services stopped
2025-07-15 02:17:44,035 - provisioning - INFO - Provisioning system stopped
2025-07-15 02:17:44,035 - provisioning - INFO - Stopping provisioning system
2025-07-15 02:17:44,035 - provisioning - INFO - Stopping provisioning
2025-07-15 02:17:44,035 - provisioning - INFO - Stopping BLE advertising
2025-07-15 02:17:44,035 - provisioning - INFO - BLE advertising stopped
2025-07-15 02:17:44,035 - provisioning - INFO - Clearing display
2025-07-15 02:17:44,084 - provisioning - INFO - Image displayed using display
2025-07-15 02:17:44,084 - provisioning - INFO - Display cleared
2025-07-15 02:17:44,084 - provisioning - INFO - Health monitoring stopped
2025-07-15 02:17:44,084 - provisioning - INFO - Factory reset monitoring stopped
2025-07-15 02:17:44,084 - provisioning - INFO - Background services stopped
2025-07-15 02:17:44,084 - provisioning - INFO - Provisioning system stopped
2025-07-15 02:17:44,260 - provisioning - INFO - Received signal 2, shutting down gracefully
2025-07-15 02:17:44,460 - provisioning - INFO - Received signal 2, shutting down gracefully
2025-07-15 02:17:44,630 - provisioning - INFO - Received signal 2, shutting down gracefully
2025-07-15 02:17:44,875 - provisioning - INFO - Received signal 2, shutting down gracefully
2025-07-15 02:17:45,074 - provisioning - INFO - Received signal 2, shutting down gracefully
2025-07-15 02:17:45,085 - provisioning - INFO - Stopping provisioning system
2025-07-15 02:17:45,085 - provisioning - INFO - Stopping provisioning
2025-07-15 02:17:45,086 - provisioning - INFO - Stopping BLE advertising
2025-07-15 02:17:45,086 - provisioning - INFO - BLE advertising stopped
2025-07-15 02:17:45,086 - provisioning - INFO - Clearing display
2025-07-15 02:17:45,135 - provisioning - INFO - Image displayed using display
2025-07-15 02:17:45,135 - provisioning - INFO - Display cleared
2025-07-15 02:17:45,135 - provisioning - INFO - Health monitoring stopped
2025-07-15 02:17:45,135 - provisioning - INFO - Factory reset monitoring stopped
2025-07-15 02:17:45,135 - provisioning - INFO - Background services stopped
2025-07-15 02:17:45,136 - provisioning - INFO - Provisioning system stopped
2025-07-15 02:17:45,136 - provisioning - INFO - Stopping provisioning system
2025-07-15 02:17:45,136 - provisioning - INFO - Stopping provisioning
2025-07-15 02:17:45,136 - provisioning - INFO - Stopping BLE advertising
2025-07-15 02:17:45,136 - provisioning - INFO - BLE advertising stopped
2025-07-15 02:17:45,136 - provisioning - INFO - Clearing display
2025-07-15 02:17:45,183 - provisioning - INFO - Image displayed using display
2025-07-15 02:17:45,183 - provisioning - INFO - Display cleared
2025-07-15 02:17:45,183 - provisioning - INFO - Health monitoring stopped
2025-07-15 02:17:45,183 - provisioning - INFO - Factory reset monitoring stopped
2025-07-15 02:17:45,183 - provisioning - INFO - Background services stopped
2025-07-15 02:17:45,183 - provisioning - INFO - Provisioning system stopped
2025-07-15 02:17:45,183 - provisioning - INFO - Stopping provisioning system
2025-07-15 02:17:45,183 - provisioning - INFO - Stopping provisioning
2025-07-15 02:17:45,183 - provisioning - INFO - Stopping BLE advertising
2025-07-15 02:17:45,183 - provisioning - INFO - BLE advertising stopped
2025-07-15 02:17:45,183 - provisioning - INFO - Clearing display
2025-07-15 02:17:45,228 - provisioning - INFO - Image displayed using display
2025-07-15 02:17:45,228 - provisioning - INFO - Display cleared
2025-07-15 02:17:45,228 - provisioning - INFO - Health monitoring stopped
2025-07-15 02:17:45,228 - provisioning - INFO - Factory reset monitoring stopped
2025-07-15 02:17:45,228 - provisioning - INFO - Background services stopped
2025-07-15 02:17:45,228 - provisioning - INFO - Provisioning system stopped
2025-07-15 02:17:45,228 - provisioning - INFO - Stopping provisioning system
2025-07-15 02:17:45,228 - provisioning - INFO - Stopping provisioning
2025-07-15 02:17:45,228 - provisioning - INFO - Stopping BLE advertising
2025-07-15 02:17:45,228 - provisioning - INFO - BLE advertising stopped
2025-07-15 02:17:45,228 - provisioning - INFO - Clearing display
2025-07-15 02:17:45,272 - provisioning - INFO - Image displayed using display
2025-07-15 02:17:45,273 - provisioning - INFO - Display cleared
2025-07-15 02:17:45,273 - provisioning - INFO - Health monitoring stopped
2025-07-15 02:17:45,273 - provisioning - INFO - Factory reset monitoring stopped
2025-07-15 02:17:45,273 - provisioning - INFO - Background services stopped
2025-07-15 02:17:45,273 - provisioning - INFO - Provisioning system stopped
2025-07-15 02:17:45,273 - provisioning - INFO - Stopping provisioning system
2025-07-15 02:17:45,273 - provisioning - INFO - Stopping provisioning
2025-07-15 02:17:45,273 - provisioning - INFO - Stopping BLE advertising
2025-07-15 02:17:45,273 - provisioning - INFO - BLE advertising stopped
2025-07-15 02:17:45,273 - provisioning - INFO - Clearing display
2025-07-15 02:17:45,320 - provisioning - INFO - Image displayed using display
2025-07-15 02:17:45,320 - provisioning - INFO - Display cleared
2025-07-15 02:17:45,320 - provisioning - INFO - Health monitoring stopped
2025-07-15 02:17:45,320 - provisioning - INFO - Factory reset monitoring stopped
2025-07-15 02:17:45,320 - provisioning - INFO - Background services stopped
2025-07-15 02:17:45,320 - provisioning - INFO - Provisioning system stopped
2025-07-15 02:17:45,346 - provisioning - INFO - Received signal 2, shutting down gracefully
2025-07-15 02:17:45,507 - provisioning - INFO - Received signal 2, shutting down gracefully
2025-07-15 02:17:45,721 - provisioning - INFO - Received signal 2, shutting down gracefully
2025-07-15 02:17:45,938 - provisioning - INFO - Received signal 2, shutting down gracefully
2025-07-15 02:17:46,322 - provisioning - INFO - Stopping provisioning system
2025-07-15 02:17:46,322 - provisioning - INFO - Stopping provisioning
2025-07-15 02:17:46,322 - provisioning - INFO - Stopping BLE advertising
2025-07-15 02:17:46,322 - provisioning - INFO - BLE advertising stopped
2025-07-15 02:17:46,322 - provisioning - INFO - Clearing display
2025-07-15 02:17:46,366 - provisioning - INFO - Image displayed using display
2025-07-15 02:17:46,366 - provisioning - INFO - Display cleared
2025-07-15 02:17:46,366 - provisioning - INFO - Health monitoring stopped
2025-07-15 02:17:46,366 - provisioning - INFO - Factory reset monitoring stopped
2025-07-15 02:17:46,366 - provisioning - INFO - Background services stopped
2025-07-15 02:17:46,367 - provisioning - INFO - Provisioning system stopped
2025-07-15 02:17:46,367 - provisioning - INFO - Stopping provisioning system
2025-07-15 02:17:46,367 - provisioning - INFO - Stopping provisioning
2025-07-15 02:17:46,367 - provisioning - INFO - Stopping BLE advertising
2025-07-15 02:17:46,367 - provisioning - INFO - BLE advertising stopped
2025-07-15 02:17:46,367 - provisioning - INFO - Clearing display
2025-07-15 02:17:46,410 - provisioning - INFO - Image displayed using display
2025-07-15 02:17:46,410 - provisioning - INFO - Display cleared
2025-07-15 02:17:46,410 - provisioning - INFO - Health monitoring stopped
2025-07-15 02:17:46,410 - provisioning - INFO - Factory reset monitoring stopped
2025-07-15 02:17:46,410 - provisioning - INFO - Background services stopped
2025-07-15 02:17:46,410 - provisioning - INFO - Provisioning system stopped
2025-07-15 02:17:46,410 - provisioning - INFO - Stopping provisioning system
2025-07-15 02:17:46,411 - provisioning - INFO - Stopping provisioning
2025-07-15 02:17:46,411 - provisioning - INFO - Stopping BLE advertising
2025-07-15 02:17:46,411 - provisioning - INFO - BLE advertising stopped
2025-07-15 02:17:46,411 - provisioning - INFO - Clearing display
2025-07-15 02:17:46,457 - provisioning - INFO - Image displayed using display
2025-07-15 02:17:46,457 - provisioning - INFO - Display cleared
2025-07-15 02:17:46,457 - provisioning - INFO - Health monitoring stopped
2025-07-15 02:17:46,457 - provisioning - INFO - Factory reset monitoring stopped
2025-07-15 02:17:46,457 - provisioning - INFO - Background services stopped
2025-07-15 02:17:46,457 - provisioning - INFO - Provisioning system stopped
2025-07-15 02:17:46,457 - provisioning - INFO - Stopping provisioning system
2025-07-15 02:17:46,457 - provisioning - INFO - Stopping provisioning
2025-07-15 02:17:46,457 - provisioning - INFO - Stopping BLE advertising
2025-07-15 02:17:46,457 - provisioning - INFO - BLE advertising stopped
2025-07-15 02:17:46,457 - provisioning - INFO - Clearing display
2025-07-15 02:17:46,504 - provisioning - INFO - Image displayed using display
2025-07-15 02:17:46,504 - provisioning - INFO - Display cleared
2025-07-15 02:17:46,504 - provisioning - INFO - Health monitoring stopped
2025-07-15 02:17:46,505 - provisioning - INFO - Factory reset monitoring stopped
2025-07-15 02:17:46,505 - provisioning - INFO - Background services stopped
2025-07-15 02:17:46,505 - provisioning - INFO - Provisioning system stopped
2025-07-15 02:17:53,575 - provisioning - INFO - Received signal 2, shutting down gracefully
2025-07-15 02:17:53,859 - provisioning - INFO - Received signal 2, shutting down gracefully
2025-07-15 02:17:54,114 - provisioning - INFO - Received signal 2, shutting down gracefully
2025-07-15 02:17:54,358 - provisioning - INFO - Received signal 2, shutting down gracefully
2025-07-15 02:17:54,514 - provisioning - INFO - Stopping provisioning system
2025-07-15 02:17:54,514 - provisioning - INFO - Stopping provisioning
2025-07-15 02:17:54,514 - provisioning - INFO - Stopping BLE advertising
2025-07-15 02:17:54,514 - provisioning - INFO - BLE advertising stopped
2025-07-15 02:17:54,514 - provisioning - INFO - Clearing display
2025-07-15 02:17:54,561 - provisioning - INFO - Image displayed using display
2025-07-15 02:17:54,562 - provisioning - INFO - Display cleared
2025-07-15 02:17:54,562 - provisioning - INFO - Health monitoring stopped
2025-07-15 02:17:54,562 - provisioning - INFO - Factory reset monitoring stopped
2025-07-15 02:17:54,562 - provisioning - INFO - Background services stopped
2025-07-15 02:17:54,562 - provisioning - INFO - Provisioning system stopped
2025-07-15 02:17:54,562 - provisioning - INFO - Stopping provisioning system
2025-07-15 02:17:54,562 - provisioning - INFO - Stopping provisioning
2025-07-15 02:17:54,562 - provisioning - INFO - Stopping BLE advertising
2025-07-15 02:17:54,562 - provisioning - INFO - BLE advertising stopped
2025-07-15 02:17:54,562 - provisioning - INFO - Clearing display
2025-07-15 02:17:54,607 - provisioning - INFO - Image displayed using display
2025-07-15 02:17:54,607 - provisioning - INFO - Display cleared
2025-07-15 02:17:54,607 - provisioning - INFO - Health monitoring stopped
2025-07-15 02:17:54,607 - provisioning - INFO - Factory reset monitoring stopped
2025-07-15 02:17:54,607 - provisioning - INFO - Background services stopped
2025-07-15 02:17:54,607 - provisioning - INFO - Provisioning system stopped
2025-07-15 02:17:54,607 - provisioning - INFO - Stopping provisioning system
2025-07-15 02:17:54,607 - provisioning - INFO - Stopping provisioning
2025-07-15 02:17:54,607 - provisioning - INFO - Stopping BLE advertising
2025-07-15 02:17:54,607 - provisioning - INFO - BLE advertising stopped
2025-07-15 02:17:54,607 - provisioning - INFO - Clearing display
2025-07-15 02:17:54,651 - provisioning - INFO - Image displayed using display
2025-07-15 02:17:54,652 - provisioning - INFO - Display cleared
2025-07-15 02:17:54,652 - provisioning - INFO - Health monitoring stopped
2025-07-15 02:17:54,652 - provisioning - INFO - Factory reset monitoring stopped
2025-07-15 02:17:54,652 - provisioning - INFO - Background services stopped
2025-07-15 02:17:54,652 - provisioning - INFO - Provisioning system stopped
2025-07-15 02:17:54,652 - provisioning - INFO - Stopping provisioning system
2025-07-15 02:17:54,652 - provisioning - INFO - Stopping provisioning
2025-07-15 02:17:54,652 - provisioning - INFO - Stopping BLE advertising
2025-07-15 02:17:54,652 - provisioning - INFO - BLE advertising stopped
2025-07-15 02:17:54,652 - provisioning - INFO - Clearing display
2025-07-15 02:17:54,697 - provisioning - INFO - Image displayed using display
2025-07-15 02:17:54,697 - provisioning - INFO - Display cleared
2025-07-15 02:17:54,697 - provisioning - INFO - Health monitoring stopped
2025-07-15 02:17:54,697 - provisioning - INFO - Factory reset monitoring stopped
2025-07-15 02:17:54,697 - provisioning - INFO - Background services stopped
2025-07-15 02:17:54,697 - provisioning - INFO - Provisioning system stopped
2025-07-15 02:18:03,343 - provisioning - INFO - Received signal 2, shutting down gracefully
2025-07-15 02:18:03,708 - provisioning - INFO - Stopping provisioning system
2025-07-15 02:18:03,709 - provisioning - INFO - Stopping provisioning
2025-07-15 02:18:03,709 - provisioning - INFO - Stopping BLE advertising
2025-07-15 02:18:03,709 - provisioning - INFO - BLE advertising stopped
2025-07-15 02:18:03,709 - provisioning - INFO - Clearing display
2025-07-15 02:18:03,755 - provisioning - INFO - Image displayed using display
2025-07-15 02:18:03,755 - provisioning - INFO - Display cleared
2025-07-15 02:18:03,755 - provisioning - INFO - Health monitoring stopped
2025-07-15 02:18:03,755 - provisioning - INFO - Factory reset monitoring stopped
2025-07-15 02:18:03,755 - provisioning - INFO - Background services stopped
2025-07-15 02:18:03,755 - provisioning - INFO - Provisioning system stopped
2025-07-15 02:18:04,076 - provisioning - INFO - Received signal 2, shutting down gracefully
2025-07-15 02:18:04,460 - provisioning - INFO - Received signal 2, shutting down gracefully
2025-07-15 02:18:04,692 - provisioning - INFO - Received signal 2, shutting down gracefully
2025-07-15 02:18:04,756 - provisioning - INFO - Stopping provisioning system
2025-07-15 02:18:04,756 - provisioning - INFO - Stopping provisioning
2025-07-15 02:18:04,756 - provisioning - INFO - Stopping BLE advertising
2025-07-15 02:18:04,756 - provisioning - INFO - BLE advertising stopped
2025-07-15 02:18:04,757 - provisioning - INFO - Clearing display
2025-07-15 02:18:04,801 - provisioning - INFO - Image displayed using display
2025-07-15 02:18:04,801 - provisioning - INFO - Display cleared
2025-07-15 02:18:04,801 - provisioning - INFO - Health monitoring stopped
2025-07-15 02:18:04,801 - provisioning - INFO - Factory reset monitoring stopped
2025-07-15 02:18:04,801 - provisioning - INFO - Background services stopped
2025-07-15 02:18:04,802 - provisioning - INFO - Provisioning system stopped
2025-07-15 02:18:04,802 - provisioning - INFO - Stopping provisioning system
2025-07-15 02:18:04,802 - provisioning - INFO - Stopping provisioning
2025-07-15 02:18:04,802 - provisioning - INFO - Stopping BLE advertising
2025-07-15 02:18:04,802 - provisioning - INFO - BLE advertising stopped
2025-07-15 02:18:04,802 - provisioning - INFO - Clearing display
2025-07-15 02:18:04,847 - provisioning - INFO - Image displayed using display
2025-07-15 02:18:04,847 - provisioning - INFO - Display cleared
2025-07-15 02:18:04,847 - provisioning - INFO - Health monitoring stopped
2025-07-15 02:18:04,847 - provisioning - INFO - Factory reset monitoring stopped
2025-07-15 02:18:04,847 - provisioning - INFO - Background services stopped
2025-07-15 02:18:04,848 - provisioning - INFO - Provisioning system stopped
2025-07-15 02:18:04,848 - provisioning - INFO - Stopping provisioning system
2025-07-15 02:18:04,848 - provisioning - INFO - Stopping provisioning
2025-07-15 02:18:04,848 - provisioning - INFO - Stopping BLE advertising
2025-07-15 02:18:04,848 - provisioning - INFO - BLE advertising stopped
2025-07-15 02:18:04,848 - provisioning - INFO - Clearing display
2025-07-15 02:18:04,893 - provisioning - INFO - Image displayed using display
2025-07-15 02:18:04,893 - provisioning - INFO - Display cleared
2025-07-15 02:18:04,893 - provisioning - INFO - Health monitoring stopped
2025-07-15 02:18:04,893 - provisioning - INFO - Factory reset monitoring stopped
2025-07-15 02:18:04,893 - provisioning - INFO - Background services stopped
2025-07-15 02:18:04,894 - provisioning - INFO - Provisioning system stopped
2025-07-15 02:18:04,940 - provisioning - INFO - Received signal 2, shutting down gracefully
2025-07-15 02:18:05,074 - provisioning - INFO - Received signal 2, shutting down gracefully
2025-07-15 02:18:05,895 - provisioning - INFO - Stopping provisioning system
2025-07-15 02:18:05,895 - provisioning - INFO - Stopping provisioning
2025-07-15 02:18:05,896 - provisioning - INFO - Stopping BLE advertising
2025-07-15 02:18:05,896 - provisioning - INFO - BLE advertising stopped
2025-07-15 02:18:05,896 - provisioning - INFO - Clearing display
2025-07-15 02:18:05,940 - provisioning - INFO - Image displayed using display
2025-07-15 02:18:05,940 - provisioning - INFO - Display cleared
2025-07-15 02:18:05,940 - provisioning - INFO - Health monitoring stopped
2025-07-15 02:18:05,940 - provisioning - INFO - Factory reset monitoring stopped
2025-07-15 02:18:05,940 - provisioning - INFO - Background services stopped
2025-07-15 02:18:05,940 - provisioning - INFO - Provisioning system stopped
2025-07-15 02:18:05,940 - provisioning - INFO - Stopping provisioning system
2025-07-15 02:18:05,940 - provisioning - INFO - Stopping provisioning
2025-07-15 02:18:05,940 - provisioning - INFO - Stopping BLE advertising
2025-07-15 02:18:05,940 - provisioning - INFO - BLE advertising stopped
2025-07-15 02:18:05,941 - provisioning - INFO - Clearing display
2025-07-15 02:18:05,987 - provisioning - INFO - Image displayed using display
2025-07-15 02:18:05,987 - provisioning - INFO - Display cleared
2025-07-15 02:18:05,987 - provisioning - INFO - Health monitoring stopped
2025-07-15 02:18:05,987 - provisioning - INFO - Factory reset monitoring stopped
2025-07-15 02:18:05,987 - provisioning - INFO - Background services stopped
2025-07-15 02:18:05,987 - provisioning - INFO - Provisioning system stopped
2025-07-15 02:18:12,023 - provisioning - INFO - Received signal 2, shutting down gracefully
2025-07-15 02:18:12,303 - provisioning - INFO - Received signal 2, shutting down gracefully
2025-07-15 02:18:12,534 - provisioning - INFO - Received signal 2, shutting down gracefully
2025-07-15 02:18:12,996 - provisioning - INFO - Stopping provisioning system
2025-07-15 02:18:12,996 - provisioning - INFO - Stopping provisioning
2025-07-15 02:18:12,996 - provisioning - INFO - Stopping BLE advertising
2025-07-15 02:18:12,996 - provisioning - INFO - BLE advertising stopped
2025-07-15 02:18:12,996 - provisioning - INFO - Clearing display
2025-07-15 02:18:13,043 - provisioning - INFO - Image displayed using display
2025-07-15 02:18:13,043 - provisioning - INFO - Display cleared
2025-07-15 02:18:13,043 - provisioning - INFO - Health monitoring stopped
2025-07-15 02:18:13,044 - provisioning - INFO - Factory reset monitoring stopped
2025-07-15 02:18:13,044 - provisioning - INFO - Background services stopped
2025-07-15 02:18:13,044 - provisioning - INFO - Provisioning system stopped
2025-07-15 02:18:13,044 - provisioning - INFO - Stopping provisioning system
2025-07-15 02:18:13,044 - provisioning - INFO - Stopping provisioning
2025-07-15 02:18:13,044 - provisioning - INFO - Stopping BLE advertising
2025-07-15 02:18:13,044 - provisioning - INFO - BLE advertising stopped
2025-07-15 02:18:13,044 - provisioning - INFO - Clearing display
2025-07-15 02:18:13,090 - provisioning - INFO - Image displayed using display
2025-07-15 02:18:13,090 - provisioning - INFO - Display cleared
2025-07-15 02:18:13,090 - provisioning - INFO - Health monitoring stopped
2025-07-15 02:18:13,090 - provisioning - INFO - Factory reset monitoring stopped
2025-07-15 02:18:13,090 - provisioning - INFO - Background services stopped
2025-07-15 02:18:13,090 - provisioning - INFO - Provisioning system stopped
2025-07-15 02:18:13,090 - provisioning - INFO - Stopping provisioning system
2025-07-15 02:18:13,090 - provisioning - INFO - Stopping provisioning
2025-07-15 02:18:13,091 - provisioning - INFO - Stopping BLE advertising
2025-07-15 02:18:13,091 - provisioning - INFO - BLE advertising stopped
2025-07-15 02:18:13,091 - provisioning - INFO - Clearing display
2025-07-15 02:18:13,135 - provisioning - INFO - Image displayed using display
2025-07-15 02:18:13,135 - provisioning - INFO - Display cleared
2025-07-15 02:18:13,135 - provisioning - INFO - Health monitoring stopped
2025-07-15 02:18:13,135 - provisioning - INFO - Factory reset monitoring stopped
2025-07-15 02:18:13,135 - provisioning - INFO - Background services stopped
2025-07-15 02:18:13,135 - provisioning - INFO - Provisioning system stopped
2025-07-15 02:23:08,764 - provisioning - INFO - Configuration service initialized with base dir: config
2025-07-15 02:23:08,766 - provisioning - WARNING - Bleak library not available, BLE functionality will be simulated
2025-07-15 02:23:08,824 - provisioning - INFO - Security service initialized
2025-07-15 02:23:08,824 - provisioning - INFO - Ownership service initialized, owner file: config/owner.json
2025-07-15 02:23:08,825 - provisioning - WARNING - GPIO not available, factory reset monitoring disabled
2025-07-15 02:23:08,825 - provisioning - INFO - Factory reset service initialized
2025-07-15 02:23:08,825 - provisioning - INFO - Health monitor service initialized
2025-07-15 02:23:08,825 - provisioning - INFO - Starting WiFi network scan
2025-07-15 02:23:08,838 - provisioning - INFO - Found 0 WiFi networks
